Started at Thu Apr 21 06:17:35 UTC 2022
Processing First job
Offering First job to Project Build Discarder
Processing jenkins install
Offering jenkins install to Project Build Discarder
Processing Maven
Offering Maven to Project Build Discarder
Processing my pipeline
Offering my pipeline to Project Build Discarder
Processing pipeline2
Offering pipeline2 to Project Build Discarder
Processing scripted pipeline
Offering scripted pipeline to Project Build Discarder
Finished at Thu Apr 21 06:17:35 UTC 2022. 5ms
Started at Thu Apr 21 07:17:35 UTC 2022
Processing declarative pipeline
Offering declarative pipeline to Project Build Discarder
Processing First job
Offering First job to Project Build Discarder
Processing jenkins install
Offering jenkins install to Project Build Discarder
Processing Maven
Offering Maven to Project Build Discarder
Processing my pipeline
Offering my pipeline to Project Build Discarder
Processing pipeline2
Offering pipeline2 to Project Build Discarder
Processing scripted pipeline
Offering scripted pipeline to Project Build Discarder
Finished at Thu Apr 21 07:17:35 UTC 2022. 5ms
Started at Thu Apr 21 08:17:35 UTC 2022
Processing declarative pipeline
Offering declarative pipeline to Project Build Discarder
Processing First job
Offering First job to Project Build Discarder
Processing jenkins install
Offering jenkins install to Project Build Discarder
Processing Maven
Offering Maven to Project Build Discarder
Processing my pipeline
Offering my pipeline to Project Build Discarder
Processing pipeline2
Offering pipeline2 to Project Build Discarder
Processing scripted pipeline
Offering scripted pipeline to Project Build Discarder
Finished at Thu Apr 21 08:17:35 UTC 2022. 13ms
Started at Thu Apr 21 09:17:35 UTC 2022
Processing declarative pipeline
Offering declarative pipeline to Project Build Discarder
Processing First job
Offering First job to Project Build Discarder
Processing jenkins install
Offering jenkins install to Project Build Discarder
Processing Maven
Offering Maven to Project Build Discarder
Processing my pipeline
Offering my pipeline to Project Build Discarder
Processing pipeline2
Offering pipeline2 to Project Build Discarder
Processing scripted pipeline
Offering scripted pipeline to Project Build Discarder
Finished at Thu Apr 21 09:17:35 UTC 2022. 8ms
